<?xml version="1.0" encoding="UTF-8"?><testsuite errors="1" failures="0" name="Academy choucair" skipped="0" tests="1" time="84.63" timestamp="2020-12-24 03:56:27"><testcase name="Search for automation course"><error type="java.lang.NullPointerException"/><system-err>null&#13;
co.com.choucair.certification.proyectobase.tasks.Search.the(Search.java:20)&#13;
co.com.choucair.certification.proyectobase.stepdefinitions.ChoucairAcademyStepDefinitions.sheSearchForTheCourseRecursosAutomatizacionBancolombiaOnTheChoucairAcademyPlatform(ChoucairAcademyStepDefinitions.java:29)&#13;
✽.she search for the course Prueba Técnica - Analista Bancolombia on the choucair academy platform(src/test/resources/Features/academyChoucair.feature:8)&#13;
</system-err></testcase></testsuite>