<?xml version="1.0" encoding="UTF-8"?><testsuite errors="1" failures="0" name="Academy choucair" skipped="0" tests="1" time="67.71" timestamp="2020-12-28 09:58:51"><testcase name="Search for automation course"><error message="no such element: Unable to locate element: {&quot;method&quot;:&quot;xpath&quot;,&quot;selector&quot;:&quot;//*[contains(@title, 'Prueba TÃ©cnica - Analista Bancolombia')]&quot;}&#10;  (Session info: chrome=87.0.4280.88)&#10;For documentation on this error, please visit: https://www.seleniumhq.org/exceptions/no_such_element.html&#10;Build info: version: '3.141.59', revision: 'e82be7d358', time: '2018-11-14T08:17:03'&#10;System info: host: 'DESKTOP-HGED66D', ip: '192.168.0.19', os.name: 'Windows 10', os.arch: 'amd64', os.version: '10.0', java.version: '1.8.0_271'&#10;Driver info: org.openqa.selenium.chrome.ChromeDriver&#10;Capabilities {acceptInsecureCerts: false, browserName: chrome, browserVersion: 87.0.4280.88, chrome: {chromedriverVersion: 87.0.4280.88 (89e2380a3e36c..., userDataDir: C:\Users\silvana\AppData\Lo...}, goog:chromeOptions: {debuggerAddress: localhost:52850}, javascriptEnabled: true, networkConnectionEnabled: false, pageLoadStrategy: normal, platform: WINDOWS, platformName: WINDOWS, proxy: Proxy(), setWindowRect: true, strictFileInteractability: false, timeouts: {implicit: 0, pageLoad: 300000, script: 30000}, unhandledPromptBehavior: dismiss and notify, webauthn:virtualAuthenticators: true}&#10;Session ID: 67a5f2f67288d205ddf0ae875cecec4f&#10;*** Element info: {Using=xpath, value=//*[contains(@title, 'Prueba TÃ©cnica - Analista Bancolombia')]}" type="java.lang.AssertionError">no such element: Unable to locate element: {"method":"xpath","selector":"//*[contains(@title, 'Prueba TÃ©cnica - Analista Bancolombia')]"}
  (Session info: chrome=87.0.4280.88)
For documentation on this error, please visit: https://www.seleniumhq.org/exceptions/no_such_element.html
Build info: version: '3.141.59', revision: 'e82be7d358', time: '2018-11-14T08:17:03'
System info: host: 'DESKTOP-HGED66D', ip: '192.168.0.19', os.name: 'Windows 10', os.arch: 'amd64', os.version: '10.0', java.version: '1.8.0_271'
Driver info: org.openqa.selenium.chrome.ChromeDriver
Capabilities {acceptInsecureCerts: false, browserName: chrome, browserVersion: 87.0.4280.88, chrome: {chromedriverVersion: 87.0.4280.88 (89e2380a3e36c..., userDataDir: C:\Users\silvana\AppData\Lo...}, goog:chromeOptions: {debuggerAddress: localhost:52850}, javascriptEnabled: true, networkConnectionEnabled: false, pageLoadStrategy: normal, platform: WINDOWS, platformName: WINDOWS, proxy: Proxy(), setWindowRect: true, strictFileInteractability: false, timeouts: {implicit: 0, pageLoad: 300000, script: 30000}, unhandledPromptBehavior: dismiss and notify, webauthn:virtualAuthenticators: true}
Session ID: 67a5f2f67288d205ddf0ae875cecec4f
*** Element info: {Using=xpath, value=//*[contains(@title, 'Prueba TÃ©cnica - Analista Bancolombia')]}</error><system-err>no such element: Unable to locate element: {"method":"xpath","selector":"//*[contains(@title, 'Prueba TÃ©cnica - Analista Bancolombia')]"}
  (Session info: chrome=87.0.4280.88)
For documentation on this error, please visit: https://www.seleniumhq.org/exceptions/no_such_element.html
Build info: version: '3.141.59', revision: 'e82be7d358', time: '2018-11-14T08:17:03'
System info: host: 'DESKTOP-HGED66D', ip: '192.168.0.19', os.name: 'Windows 10', os.arch: 'amd64', os.version: '10.0', java.version: '1.8.0_271'
Driver info: org.openqa.selenium.chrome.ChromeDriver
Capabilities {acceptInsecureCerts: false, browserName: chrome, browserVersion: 87.0.4280.88, chrome: {chromedriverVersion: 87.0.4280.88 (89e2380a3e36c..., userDataDir: C:\Users\silvana\AppData\Lo...}, goog:chromeOptions: {debuggerAddress: localhost:52850}, javascriptEnabled: true, networkConnectionEnabled: false, pageLoadStrategy: normal, platform: WINDOWS, platformName: WINDOWS, proxy: Proxy(), setWindowRect: true, strictFileInteractability: false, timeouts: {implicit: 0, pageLoad: 300000, script: 30000}, unhandledPromptBehavior: dismiss and notify, webauthn:virtualAuthenticators: true}
Session ID: 67a5f2f67288d205ddf0ae875cecec4f
*** Element info: {Using=xpath, value=//*[contains(@title, 'Prueba TÃ©cnica - Analista Bancolombia')]}&#13;
co.com.choucair.certification.proyectobase.stepdefinitions.ChoucairAcademyStepDefinitions.sheFindsTheCourseCalledResourcesRecursosAutomatizacionBancolombia(ChoucairAcademyStepDefinitions.java:34)&#13;
✽.she finds the course called resources Prueba Técnica - Analista Bancolombia(src/test/resources/Features/academyChoucair.feature:9)&#13;
</system-err></testcase></testsuite>